<?xml version="1.0" encoding="UTF-8"?>
<!-- Generated by org.testng.reporters.JUnitReportReporter -->
<testsuite hostname="DESKTOP-SH6864J" failures="0" tests="2" name="testcases.LoginCaseTN" time="45.539" errors="0" timestamp="2022-06-26T14:04:03 IST" skipped="0">
  <testcase classname="testcases.LoginCaseTN" name="hyperlinktest" time="27.981"/>
  <system-out/>
  <testcase classname="testcases.LoginCaseTN" name="loginTest" time="17.558"/>
  <system-out/>
</testsuite> <!-- testcases.LoginCaseTN -->
